<?xml version="1.0" encoding="UTF-8"?>
<!-- Generated by org.testng.reporters.JUnitReportReporter -->
<testsuite hostname="MSI" failures="0" tests="1" name="com.bestbuy.tests.BestBuyMenuTest" time="26.204" errors="0" timestamp="2023-09-10T17:14:57 IST" skipped="0">
  <testcase classname="com.bestbuy.tests.BestBuyMenuTest" name="menuNavigation" time="26.204"/>
  <system-out/>
</testsuite> <!-- com.bestbuy.tests.BestBuyMenuTest -->
