<?xml version="1.0" encoding="UTF-8"?>
<!-- Generated by org.testng.reporters.JUnitReportReporter -->
<testsuite hostname="MSI" failures="0" tests="1" name="com.bestbuy.tests.BestBuySignupTest" time="43.838" errors="0" timestamp="2023-09-09T20:23:57 IST" skipped="0">
  <testcase classname="com.bestbuy.tests.BestBuySignupTest" name="signUpPage" time="43.838"/>
  <system-out/>
</testsuite> <!-- com.bestbuy.tests.BestBuySignupTest -->
