<?xml version="1.0" encoding="UTF-8"?>
<!-- Generated by org.testng.reporters.JUnitReportReporter -->
<testsuite hostname="MSI" failures="0" tests="1" name="com.bestbuy.tests.BestBuySignin_NegativeTest" time="27.597" errors="0" timestamp="2023-09-09T20:23:57 IST" skipped="0">
  <testcase classname="com.bestbuy.tests.BestBuySignin_NegativeTest" name="signIn_invalidCredentials" time="27.597"/>
  <system-out/>
</testsuite> <!-- com.bestbuy.tests.BestBuySignin_NegativeTest -->
