<?xml version="1.0" encoding="UTF-8"?>
<!-- Generated by org.testng.reporters.JUnitReportReporter -->
<testsuite hostname="MSI" failures="0" tests="1" name="com.bestbuy.tests.BestBuySearch_NegativeTest" time="26.535" errors="0" timestamp="2023-09-10T17:14:57 IST" skipped="0">
  <testcase classname="com.bestbuy.tests.BestBuySearch_NegativeTest" name="signIn_invalidCredentials" time="26.535"/>
  <system-out/>
</testsuite> <!-- com.bestbuy.tests.BestBuySearch_NegativeTest -->
