<?xml version="1.0" encoding="UTF-8"?>
<!-- Generated by org.testng.reporters.JUnitReportReporter -->
<testsuite hostname="MSI" failures="0" tests="1" name="com.bestbuy.tests.BestBuyAddItemsTest" time="151.758" errors="0" timestamp="2023-09-07T15:58:08 IST" skipped="0">
  <testcase classname="com.bestbuy.tests.BestBuyAddItemsTest" name="add_Items_toCart" time="151.758"/>
  <system-out/>
</testsuite> <!-- com.bestbuy.tests.BestBuyAddItemsTest -->
